[35m[1mConsolidate compiler generated dependencies of target multi_usb_camera_node[0m
[ 16%] [32mBuilding CXX object CMakeFiles/image_saver_node.dir/src/image_saver_node.cpp.o[0m
[ 50%] Built target multi_usb_camera_node
[35m[1mConsolidate compiler generated dependencies of target multi_usb_camera_node_exec[0m
[ 66%] [32m[1mLinking CXX executable multi_usb_camera_node_exec[0m
[ 83%] Built target multi_usb_camera_node_exec
[01m[K/home/tl/AVM_Ship/src/surrend_view/src/image_saver_node.cpp:[m[K In member function â€˜[01m[Kvoid image_saver::ImageSaverNode::back_image_callback(sensor_msgs::msg::Image_<std::allocator<void> >::SharedPtr)[m[Kâ€™:
[01m[K/home/tl/AVM_Ship/src/surrend_view/src/image_saver_node.cpp:64:9:[m[K [01;31m[Kerror: [m[Kâ€˜[01m[Kback_save_flag_[m[Kâ€™ was not declared in this scope; did you mean â€˜[01m[Kback_save_path_[m[Kâ€™?
   64 |     if ([01;31m[Kback_save_flag_[m[K.load()) {
      |         [01;31m[K^~~~~~~~~~~~~~~[m[K
      |         [32m[Kback_save_path_[m[K
gmake[2]: *** [CMakeFiles/image_saver_node.dir/build.make:76ï¼šCMakeFiles/image_saver_node.dir/src/image_saver_node.cpp.o] é”™è¯¯ 1
gmake[1]: *** [CMakeFiles/Makefile2:193ï¼šCMakeFiles/image_saver_node.dir/all] é”™è¯¯ 2
gmake: *** [Makefile:146ï¼šall] é”™è¯¯ 2
