[0.007s] Invoking command in '/home/tl/AVM_Ship/build/surrend_view': CMAKE_PREFIX_PATH=${CMAKE_PREFIX_PATH}:/home/tl/RV/install/yolo_detect:/home/tl/RV/install/webcamcalib:/home/tl/RV/install/marnav_vis:/home/tl/RV/install/camera_calibration:/home/tl/RV/install/ais_tools:/opt/ros/humble /usr/bin/cmake --build /home/tl/AVM_Ship/build/surrend_view -- -j20 -l20
[0.039s] [35m[1mConsolidate compiler generated dependencies of target multi_usb_camera_node[0m
[0.045s] [ 16%] [32mBuilding CXX object CMakeFiles/image_saver_node.dir/src/image_saver_node.cpp.o[0m
[0.051s] [ 50%] Built target multi_usb_camera_node
[0.058s] [35m[1mConsolidate compiler generated dependencies of target multi_usb_camera_node_exec[0m
[0.069s] [ 66%] [32m[1mLinking CXX executable multi_usb_camera_node_exec[0m
[0.343s] [ 83%] Built target multi_usb_camera_node_exec
[1.659s] [01m[K/home/tl/AVM_Ship/src/surrend_view/src/image_saver_node.cpp:[m[K In member function â€˜[01m[Kvoid image_saver::ImageSaverNode::back_image_callback(sensor_msgs::msg::Image_<std::allocator<void> >::SharedPtr)[m[Kâ€™:
[1.660s] [01m[K/home/tl/AVM_Ship/src/surrend_view/src/image_saver_node.cpp:64:9:[m[K [01;31m[Kerror: [m[Kâ€˜[01m[Kback_save_flag_[m[Kâ€™ was not declared in this scope; did you mean â€˜[01m[Kback_save_path_[m[Kâ€™?
[1.660s]    64 |     if ([01;31m[Kback_save_flag_[m[K.load()) {
[1.660s]       |         [01;31m[K^~~~~~~~~~~~~~~[m[K
[1.660s]       |         [32m[Kback_save_path_[m[K
[3.111s] gmake[2]: *** [CMakeFiles/image_saver_node.dir/build.make:76ï¼šCMakeFiles/image_saver_node.dir/src/image_saver_node.cpp.o] é”™è¯¯ 1
[3.111s] gmake[1]: *** [CMakeFiles/Makefile2:193ï¼šCMakeFiles/image_saver_node.dir/all] é”™è¯¯ 2
[3.112s] gmake: *** [Makefile:146ï¼šall] é”™è¯¯ 2
[3.113s] Invoked command in '/home/tl/AVM_Ship/build/surrend_view' returned '2': CMAKE_PREFIX_PATH=${CMAKE_PREFIX_PATH}:/home/tl/RV/install/yolo_detect:/home/tl/RV/install/webcamcalib:/home/tl/RV/install/marnav_vis:/home/tl/RV/install/camera_calibration:/home/tl/RV/install/ais_tools:/opt/ros/humble /usr/bin/cmake --build /home/tl/AVM_Ship/build/surrend_view -- -j20 -l20
