[0.008s] Invoking command in '/home/tl/AVM_Ship/build/surrend_view': CMAKE_PREFIX_PATH=${CMAKE_PREFIX_PATH}:/home/tl/RV/install/yolo_detect:/home/tl/RV/install/webcamcalib:/home/tl/RV/install/marnav_vis:/home/tl/RV/install/camera_calibration:/home/tl/RV/install/ais_tools:/opt/ros/humble /usr/bin/cmake --build /home/tl/AVM_Ship/build/surrend_view -- -j20 -l20
[0.025s] -- Found ament_cmake: 1.3.11 (/opt/ros/humble/share/ament_cmake/cmake)
[0.104s] -- Found rclcpp: 16.0.12 (/opt/ros/humble/share/rclcpp/cmake)
[0.120s] -- Found rosidl_generator_c: 3.1.6 (/opt/ros/humble/share/rosidl_generator_c/cmake)
[0.121s] -- Found rosidl_adapter: 3.1.6 (/opt/ros/humble/share/rosidl_adapter/cmake)
[0.124s] -- Found rosidl_generator_cpp: 3.1.6 (/opt/ros/humble/share/rosidl_generator_cpp/cmake)
[0.130s] -- Using all available rosidl_typesupport_c: rosidl_typesupport_fastrtps_c;rosidl_typesupport_introspection_c
[0.137s] -- Using all available rosidl_typesupport_cpp: rosidl_typesupport_fastrtps_cpp;rosidl_typesupport_introspection_cpp
[0.155s] -- Found rmw_implementation_cmake: 6.1.2 (/opt/ros/humble/share/rmw_implementation_cmake/cmake)
[0.156s] -- Found rmw_fastrtps_cpp: 6.2.7 (/opt/ros/humble/share/rmw_fastrtps_cpp/cmake)
[0.220s] -- Using RMW implementation 'rmw_fastrtps_cpp' as default
[0.246s] -- Found sensor_msgs: 4.9.0 (/opt/ros/humble/share/sensor_msgs/cmake)
[0.262s] -- Found cv_bridge: 3.2.1 (/opt/ros/humble/share/cv_bridge/cmake)
[0.273s] -- Found image_transport: 3.1.12 (/opt/ros/humble/share/image_transport/cmake)
[0.296s] -- Found ament_lint_auto: 0.12.12 (/opt/ros/humble/share/ament_lint_auto/cmake)
[0.338s] -- Added test 'cppcheck' to perform static code analysis on C / C++ code
[0.338s] -- Configured cppcheck include dirs: $<BUILD_INTERFACE:/home/tl/AVM_Ship/src/surrend_view/include>
[0.338s] -- Configured cppcheck exclude dirs and/or files: 
[0.338s] -- Added test 'lint_cmake' to check CMake code style
[0.338s] -- Added test 'uncrustify' to check C / C++ code style
[0.338s] -- Configured uncrustify additional arguments: 
[0.338s] -- Added test 'xmllint' to check XML markup files
[0.339s] -- Configuring done
[0.354s] -- Generating done
[0.359s] -- Build files have been written to: /home/tl/AVM_Ship/build/surrend_view
[0.379s] [35m[1mConsolidate compiler generated dependencies of target multi_usb_camera_node[0m
[0.388s] [ 16%] [32mBuilding CXX object CMakeFiles/image_saver_node.dir/src/image_saver_node.cpp.o[0m
[0.391s] [ 33%] [32mBuilding CXX object CMakeFiles/multi_usb_camera_node.dir/src/multi_usb_camera_node.cpp.o[0m
[0.394s] [01m[K/home/tl/AVM_Ship/src/surrend_view/src/image_saver_node.cpp:1:10:[m[K [01;31m[Kfatal error: [m[Kimage_saver/image_saver_node.hpp: æ²¡æœ‰é‚£ä¸ªæ–‡ä»¶æˆ–ç›®å½•
[0.394s]     1 | #include [01;31m[K"image_saver/image_saver_node.hpp"[m[K
[0.394s]       |          [01;31m[K^~~~~~~~~~~~~~~~~~~~~~~~~~~~~~~~~~[m[K
[0.394s] compilation terminated.
[0.394s] gmake[2]: *** [CMakeFiles/image_saver_node.dir/build.make:76ï¼šCMakeFiles/image_saver_node.dir/src/image_saver_node.cpp.o] é”™è¯¯ 1
[0.394s] gmake[1]: *** [CMakeFiles/Makefile2:193ï¼šCMakeFiles/image_saver_node.dir/all] é”™è¯¯ 2
[0.394s] gmake[1]: *** æ­£åœ¨ç­‰å¾…æœªå®Œæˆçš„ä»»åŠ¡....
[3.565s] [ 50%] [32m[1mLinking CXX shared library libmulti_usb_camera_node.so[0m
[3.703s] [ 50%] Built target multi_usb_camera_node
[3.704s] gmake: *** [Makefile:146ï¼šall] é”™è¯¯ 2
[3.705s] Invoked command in '/home/tl/AVM_Ship/build/surrend_view' returned '2': CMAKE_PREFIX_PATH=${CMAKE_PREFIX_PATH}:/home/tl/RV/install/yolo_detect:/home/tl/RV/install/webcamcalib:/home/tl/RV/install/marnav_vis:/home/tl/RV/install/camera_calibration:/home/tl/RV/install/ais_tools:/opt/ros/humble /usr/bin/cmake --build /home/tl/AVM_Ship/build/surrend_view -- -j20 -l20
